<?xml version="1.0" encoding="UTF-8"?>
<testng-results ignored="0" total="0" passed="0" failed="0" skipped="0">
  <reporter-output>
  </reporter-output>
  <suite started-at="2023-01-22T22:40:27 EET" name="Default suite" finished-at="2023-01-22T22:40:27 EET" duration-ms="443">
    <groups>
      <group name="cucumber">
        <method signature="AbstractTestNGCucumberTests.runScenario(io.cucumber.testng.PickleWrapper,io.cucumber.testng.FeatureWrapper)[pri:0, instance:stepDefinitions.Login@543295b0]" name="runScenario" class="io.cucumber.testng.AbstractTestNGCucumberTests"/>
      </group> <!-- cucumber -->
    </groups>
    <test started-at="2023-01-22T22:40:27 EET" name="Default test" finished-at="2023-01-22T22:40:27 EET" duration-ms="443">
      <class name="stepDefinitions.Login">
        <test-method is-config="true" signature="startDriver()[pri:0, instance:stepDefinitions.Login@543295b0]" started-at="2023-01-22T22:40:22 EET" name="startDriver" finished-at="2023-01-22T22:40:27 EET" duration-ms="4756" status="PASS">
          <reporter-output>
          </reporter-output>
        </test-method> <!-- startDriver -->
        <test-method is-config="true" signature="setUpClass(org.testng.ITestContext)[pri:0, instance:stepDefinitions.Login@543295b0]" started-at="2023-01-22T22:40:27 EET" name="setUpClass" finished-at="2023-01-22T22:40:27 EET" duration-ms="378" status="PASS">
          <params>
            <param index="0">
              <value>
                <![CDATA[org.testng.TestRunner@e8ea697]]>
              </value>
            </param>
          </params>
          <reporter-output>
          </reporter-output>
        </test-method> <!-- setUpClass -->
        <test-method is-config="true" signature="tearDownClass()[pri:0, instance:stepDefinitions.Login@543295b0]" started-at="2023-01-22T22:40:27 EET" name="tearDownClass" finished-at="2023-01-22T22:40:27 EET" duration-ms="11" status="PASS">
          <reporter-output>
          </reporter-output>
        </test-method> <!-- tearDownClass -->
        <test-method is-config="true" signature="stopDriver()[pri:0, instance:stepDefinitions.Login@543295b0]" started-at="2023-01-22T22:40:27 EET" name="stopDriver" finished-at="2023-01-22T22:40:28 EET" duration-ms="299" status="PASS">
          <reporter-output>
          </reporter-output>
        </test-method> <!-- stopDriver -->
      </class> <!-- stepDefinitions.Login -->
    </test> <!-- Default test -->
  </suite> <!-- Default suite -->
</testng-results>
